Arguments: 
  /home/thib/.nvm/versions/node/v12.14.1/bin/node /usr/share/yarn/bin/yarn.js

PATH: 
  /home/thib/.local/bin:/home/thib/.yarn/bin:/home/thib/.nvm/versions/node/v12.14.1/bin:/home/thib/.cargo/bin:/home/thib/.local/bin:/usr/local/sbin:/usr/local/bin:/usr/sbin:/usr/bin:/sbin:/bin:/usr/games:/usr/local/games:/snap/bin:/home/thib/Android/Sdk/emulator:/home/thib/Android/Sdk/tools:/home/thib/Android/Sdk/tools/bin:/home/thib/Android/Sdk/platform-tools:/usr/lib/jvm/java-8-openjdk-amd64/bin

Yarn version: 
  1.22.5

Node version: 
  12.14.1

Platform: 
  linux x64

Trace: 
  SyntaxError: /home/thib/github/paritytech/substrate-js-utils/context/package.json: Unexpected token } in JSON at position 669
      at JSON.parse (<anonymous>)
      at /usr/share/yarn/lib/cli.js:1625:59
      at Generator.next (<anonymous>)
      at step (/usr/share/yarn/lib/cli.js:310:30)
      at /usr/share/yarn/lib/cli.js:321:13

npm manifest: 
  {
    "name": "@substrate/react-context",
    "version": "0.5.1",
    "author": "Parity Technologies <admin@parity.io>",
    "description": "Wrapper to connect React components to PolkadotJS Api",
    "files": [
      "lib"
    ],
    "license": "Apache-2.0",
    "main": "lib/index.js",
    "publishConfig": {
      "access": "public"
    },
    "repository": "https://github.com/paritytech/substrate-js-utils",
    "homepage": "https://github.com/paritytech/substrate-js-utils",
    "scripts": {
      "build": "tsc",
      "start": "yarn build --watch",
      "lint": "tsc --noEmit && node --max_old_space_size=8192 ./node_modules/eslint/bin/eslint.js --ext js,ts,tsx .",
      "test": "echo skipped",
    },
    "dependencies": {
      "@substrate/local-storage": "^2.2.9"
    },
    "devDependencies": {
      "@polkadot/api": "*",
      "@polkadot/extension-dapp": "^0.34.1",
      "@polkadot/extension-inject": "*",
      "@polkadot/rpc-provider": "^1.33.1",
      "@polkadot/types": "^1.33.1",
      "@types/react": "^16.9.49",
      "eslint": "^7.9.0",
      "eslint-config-prettier": "^6.6.0",
      "eslint-plugin-prettier": "^3.1.1",
      "eslint-plugin-react-hooks": "^2.3.0",
      "eslint-plugin-simple-import-sort": "^5.0.0",
      "lerna": "^3.18.4",
      "prettier": "1.19.1",
      "react": "^16.13.1",
      "typescript": "^4.0.2"
    },
    "peerDependencies": {
      "@polkadot/api": "*",
      "@polkadot/extension-inject": "*",
      "react": "*"
    }
  }

yarn manifest: 
  No manifest

Lockfile: 
  No lockfile
